0 info it worked if it ends with ok
1 verbose cli [ 'D:\\Program Files\\nodejs\\node.exe',
1 verbose cli   'D:\\Program Files\\nodejs\\node_modules\\npm\\bin\\npm-cli.js',
1 verbose cli   'start' ]
2 info using npm@3.10.8
3 info using node@v6.9.1
4 verbose run-script [ 'prestart', 'start', 'poststart' ]
5 info lifecycle webpack002@1.0.0~prestart: webpack002@1.0.0
6 silly lifecycle webpack002@1.0.0~prestart: no script for prestart, continuing
7 info lifecycle webpack002@1.0.0~start: webpack002@1.0.0
8 verbose lifecycle webpack002@1.0.0~start: unsafe-perm in lifecycle true
9 verbose lifecycle webpack002@1.0.0~start: PATH: D:\Program Files\nodejs\node_modules\npm\bin\node-gyp-bin;F:\Webpack练习文件夹\webpack002\node_modules\.bin;C:\Windows\system32;C:\Windows;C:\Windows\System32\Wbem;C:\Windows\System32\WindowsPowerShell\v1.0\;D:\Program Files\Git\bin;D:\Program Files\Git\libexec\git-core;D:\Program Files\Java\jdk1.8.0_71\bin;D:\Program Files\Java\jdk1.8.0_71\jre\bin;D:\Program Files\Sublime Text 3\less\bin\node_modules;D:\Program Files\Sublime Text 3\less\bin\node_modules\less\bin;D:\Program Files\nodejs\;D:\Program Files\Sublime Text 3\less\bin\node_modules;C:\Users\Administrator\AppData\Roaming\npm;F:\Microsoft VS Code\bin;C:\Program Files\Microsoft VS Code\bin
10 verbose lifecycle webpack002@1.0.0~start: CWD: F:\Webpack练习文件夹\webpack002
11 silly lifecycle webpack002@1.0.0~start: Args: [ '/d /s /c',
11 silly lifecycle   'webpack-dev-server --color --inline --hot --config webpack.dev.js' ]
12 verbose stack Error: kill ENOSYS
12 verbose stack     at exports._errnoException (util.js:1026:11)
12 verbose stack     at process.kill (internal/process.js:172:13)
12 verbose stack     at process.listener (D:\Program Files\nodejs\node_modules\npm\node_modules\npmlog\node_modules\gauge\node_modules\signal-exit\index.js:86:15)
12 verbose stack     at emitNone (events.js:91:20)
12 verbose stack     at process.emit (events.js:185:7)
12 verbose stack     at processEmit (D:\Program Files\nodejs\node_modules\npm\node_modules\npmlog\node_modules\gauge\node_modules\signal-exit\index.js:146:32)
12 verbose stack     at processEmit (D:\Program Files\nodejs\node_modules\npm\node_modules\npm-registry-client\node_modules\npmlog\node_modules\gauge\node_modules\signal-exit\index.js:146:32)
12 verbose stack     at Signal.wrap.onsignal (internal/process.js:199:44)
13 verbose cwd F:\Webpack练习文件夹\webpack002
14 error Windows_NT 6.1.7601
15 error argv "D:\\Program Files\\nodejs\\node.exe" "D:\\Program Files\\nodejs\\node_modules\\npm\\bin\\npm-cli.js" "start"
16 error node v6.9.1
17 error npm  v3.10.8
18 error code ENOSYS
19 error errno ENOSYS
20 error syscall kill
21 error kill ENOSYS
22 error If you need help, you may report this error at:
22 error     <https://github.com/npm/npm/issues>
23 verbose exit [ 1, true ]
